<?xml version="1.0" encoding="UTF-8"?>
<!-- Generated by org.testng.reporters.JUnitXMLReporter -->
<testsuite ignored="0" hostname="DESKTOP-PJ44N8I" failures="0" tests="6" name="Default test" time="99.349" errors="0" timestamp="2022-05-13T00:51:24 EET">
  <testcase classname="tests.RegressionTest" name="RegisterationWithExistemail" time="2.919"/>
  <testcase classname="tests.RegressionTest" name="CheckBillingAddressRequired" time="40.753"/>
  <testcase classname="tests.RegressionTest" name="CheckDiscountDone" time="13.333"/>
  <testcase classname="tests.RegressionTest" name="CheckoutWithoutTerms" time="14.351"/>
  <testcase classname="tests.RegressionTest" name="InvalidEmailLogin" time="1.658"/>
  <testcase classname="tests.RegressionTest" name="InvalidPassLogin" time="1.886"/>
</testsuite> <!-- Default test -->
