<?xml version="1.0" encoding="UTF-8"?>
<!-- Generated by org.testng.reporters.JUnitXMLReporter -->
<testsuite ignored="0" hostname="L-EGE-4JLGPG3" failures="0" tests="6" name="Default test" time="66.733" errors="0" timestamp="2022-01-24T11:22:59 EET">
  <testcase classname="tests.RegressionTest" name="RegisterationWithExistemail" time="2.337"/>
  <testcase classname="tests.RegressionTest" name="CheckBillingAddressRequired" time="16.113"/>
  <testcase classname="tests.RegressionTest" name="CheckDiscountDone" time="12.725"/>
  <testcase classname="tests.RegressionTest" name="CheckoutWithoutTerms" time="13.522"/>
  <testcase classname="tests.RegressionTest" name="InvalidEmailLogin" time="0.995"/>
  <testcase classname="tests.RegressionTest" name="InvalidPassLogin" time="1.312"/>
</testsuite> <!-- Default test -->
