<?xml version="1.0" encoding="UTF-8"?>
<!-- Generated by org.testng.reporters.JUnitXMLReporter -->
<testsuite ignored="0" hostname="L-EGE-4JLGPG3" failures="0" tests="5" name="Action2" time="101.269" errors="0" timestamp="2022-01-19T15:40:32 EET">
  <testcase classname="tests.BuyProductsTests" name="AddProductToCartSuccessfully" time="10.396"/>
  <testcase classname="tests.BuyProductsTests" name="BuyProduct" time="22.799"/>
  <testcase classname="tests.BuyProductsTests" name="CheckBillingAddressRequired" time="20.544"/>
  <testcase classname="tests.BuyProductsTests" name="CheckDiscountDone" time="11.831"/>
  <testcase classname="tests.BuyProductsTests" name="CheckoutWithTerms" time="11.765"/>
</testsuite> <!-- Action2 -->
