<?xml version="1.0" encoding="UTF-8"?>
<!-- Generated by org.testng.reporters.JUnitXMLReporter -->
<testsuite ignored="2" hostname="L-EGE-4JLGPG3" failures="0" tests="0" name="Login" time="0.001" errors="0" timestamp="2022-01-17T11:07:11 EET">
  <testcase classname="tests.LoginPageTests" name="InvalidPassLogin" time="0.0">
    <ignored/>
  </testcase> <!-- InvalidPassLogin -->
  <testcase classname="tests.LoginPageTests" name="InvalidEmailLogin" time="0.0">
    <ignored/>
  </testcase> <!-- InvalidEmailLogin -->
</testsuite> <!-- Login -->
