<?xml version="1.0" encoding="UTF-8"?>
<!-- Generated by org.testng.reporters.JUnitXMLReporter -->
<testsuite ignored="1" hostname="L-EGE-4JLGPG3" failures="0" tests="1" name="registration" time="7.716" errors="0" timestamp="2022-01-17T11:07:11 EET">
  <testcase classname="tests.RegistrationPageTests" name="newRegisteration" time="2.773"/>
  <testcase classname="tests.RegistrationPageTests" name="RegisterationWithExistemail" time="0.0">
    <ignored/>
  </testcase> <!-- RegisterationWithExistemail -->
</testsuite> <!-- registration -->
