<?xml version="1.0" encoding="UTF-8"?>
<testng-results ignored="0" total="6" passed="6" failed="0" skipped="0">
  <reporter-output>
  </reporter-output>
  <suite started-at="2022-01-24T11:21:52 EET" name="Default suite" finished-at="2022-01-24T11:22:59 EET" duration-ms="66733">
    <groups>
    </groups>
    <test started-at="2022-01-24T11:21:52 EET" name="Default test" finished-at="2022-01-24T11:22:59 EET" duration-ms="66733">
      <class name="tests.RegressionTest">
        <test-method is-config="true" signature="SetUpBrowser()[pri:0, instance:tests.RegressionTest@28f2a10f]" started-at="2022-01-24T11:21:52 EET" name="SetUpBrowser" description="setup browser configuration" finished-at="2022-01-24T11:21:57 EET" duration-ms="4350" status="PASS">
          <reporter-output>
          </reporter-output>
        </test-method> <!-- SetUpBrowser -->
        <test-method signature="RegisterationWithExistemail()[pri:0, instance:tests.RegressionTest@28f2a10f]" started-at="2022-01-24T11:21:57 EET" name="RegisterationWithExistemail" description="register with preregistered Email" finished-at="2022-01-24T11:21:59 EET" duration-ms="2337" status="PASS">
          <reporter-output>
          </reporter-output>
        </test-method> <!-- RegisterationWithExistemail -->
        <test-method is-config="true" signature="closeBrowser()[pri:0, instance:tests.RegressionTest@28f2a10f]" started-at="2022-01-24T11:21:59 EET" name="closeBrowser" description="End session and close browser" finished-at="2022-01-24T11:21:59 EET" duration-ms="75" status="PASS">
          <reporter-output>
          </reporter-output>
        </test-method> <!-- closeBrowser -->
        <test-method is-config="true" signature="SetUpBrowser()[pri:0, instance:tests.RegressionTest@28f2a10f]" started-at="2022-01-24T11:21:59 EET" name="SetUpBrowser" description="setup browser configuration" finished-at="2022-01-24T11:22:03 EET" duration-ms="4092" status="PASS">
          <reporter-output>
          </reporter-output>
        </test-method> <!-- SetUpBrowser -->
        <test-method signature="CheckBillingAddressRequired()[pri:1, instance:tests.RegressionTest@28f2a10f]" started-at="2022-01-24T11:22:03 EET" name="CheckBillingAddressRequired" description="Checkout that Shipping address can&#039;t be done without Filling Address" finished-at="2022-01-24T11:22:19 EET" duration-ms="16113" status="PASS">
          <reporter-output>
          </reporter-output>
        </test-method> <!-- CheckBillingAddressRequired -->
        <test-method is-config="true" signature="closeBrowser()[pri:0, instance:tests.RegressionTest@28f2a10f]" started-at="2022-01-24T11:22:19 EET" name="closeBrowser" description="End session and close browser" finished-at="2022-01-24T11:22:19 EET" duration-ms="76" status="PASS">
          <reporter-output>
          </reporter-output>
        </test-method> <!-- closeBrowser -->
        <test-method is-config="true" signature="SetUpBrowser()[pri:0, instance:tests.RegressionTest@28f2a10f]" started-at="2022-01-24T11:22:19 EET" name="SetUpBrowser" description="setup browser configuration" finished-at="2022-01-24T11:22:22 EET" duration-ms="2596" status="PASS">
          <reporter-output>
          </reporter-output>
        </test-method> <!-- SetUpBrowser -->
        <test-method signature="CheckDiscountDone()[pri:1, instance:tests.RegressionTest@28f2a10f]" started-at="2022-01-24T11:22:22 EET" name="CheckDiscountDone" description="Apply Discount and check discount is done perfectly" finished-at="2022-01-24T11:22:35 EET" duration-ms="12725" status="PASS">
          <reporter-output>
          </reporter-output>
        </test-method> <!-- CheckDiscountDone -->
        <test-method is-config="true" signature="closeBrowser()[pri:0, instance:tests.RegressionTest@28f2a10f]" started-at="2022-01-24T11:22:35 EET" name="closeBrowser" description="End session and close browser" finished-at="2022-01-24T11:22:35 EET" duration-ms="90" status="PASS">
          <reporter-output>
          </reporter-output>
        </test-method> <!-- closeBrowser -->
        <test-method is-config="true" signature="SetUpBrowser()[pri:0, instance:tests.RegressionTest@28f2a10f]" started-at="2022-01-24T11:22:35 EET" name="SetUpBrowser" description="setup browser configuration" finished-at="2022-01-24T11:22:37 EET" duration-ms="2654" status="PASS">
          <reporter-output>
          </reporter-output>
        </test-method> <!-- SetUpBrowser -->
        <test-method signature="CheckoutWithoutTerms()[pri:1, instance:tests.RegressionTest@28f2a10f]" started-at="2022-01-24T11:22:37 EET" name="CheckoutWithoutTerms" description="Check that checkoutPage can&#039;t be opened without approving Terms" finished-at="2022-01-24T11:22:51 EET" duration-ms="13522" status="PASS">
          <reporter-output>
          </reporter-output>
        </test-method> <!-- CheckoutWithoutTerms -->
        <test-method is-config="true" signature="closeBrowser()[pri:0, instance:tests.RegressionTest@28f2a10f]" started-at="2022-01-24T11:22:51 EET" name="closeBrowser" description="End session and close browser" finished-at="2022-01-24T11:22:51 EET" duration-ms="94" status="PASS">
          <reporter-output>
          </reporter-output>
        </test-method> <!-- closeBrowser -->
        <test-method is-config="true" signature="SetUpBrowser()[pri:0, instance:tests.RegressionTest@28f2a10f]" started-at="2022-01-24T11:22:51 EET" name="SetUpBrowser" description="setup browser configuration" finished-at="2022-01-24T11:22:54 EET" duration-ms="2803" status="PASS">
          <reporter-output>
          </reporter-output>
        </test-method> <!-- SetUpBrowser -->
        <test-method signature="InvalidEmailLogin()[pri:1, instance:tests.RegressionTest@28f2a10f]" started-at="2022-01-24T11:22:54 EET" name="InvalidEmailLogin" description="Login with invalid email" finished-at="2022-01-24T11:22:55 EET" duration-ms="995" status="PASS">
          <reporter-output>
          </reporter-output>
        </test-method> <!-- InvalidEmailLogin -->
        <test-method is-config="true" signature="closeBrowser()[pri:0, instance:tests.RegressionTest@28f2a10f]" started-at="2022-01-24T11:22:55 EET" name="closeBrowser" description="End session and close browser" finished-at="2022-01-24T11:22:55 EET" duration-ms="68" status="PASS">
          <reporter-output>
          </reporter-output>
        </test-method> <!-- closeBrowser -->
        <test-method is-config="true" signature="SetUpBrowser()[pri:0, instance:tests.RegressionTest@28f2a10f]" started-at="2022-01-24T11:22:55 EET" name="SetUpBrowser" description="setup browser configuration" finished-at="2022-01-24T11:22:58 EET" duration-ms="2709" status="PASS">
          <reporter-output>
          </reporter-output>
        </test-method> <!-- SetUpBrowser -->
        <test-method signature="InvalidPassLogin()[pri:1, instance:tests.RegressionTest@28f2a10f]" started-at="2022-01-24T11:22:58 EET" name="InvalidPassLogin" description="login with invalid password" finished-at="2022-01-24T11:22:59 EET" duration-ms="1312" status="PASS">
          <reporter-output>
          </reporter-output>
        </test-method> <!-- InvalidPassLogin -->
        <test-method is-config="true" signature="closeBrowser()[pri:0, instance:tests.RegressionTest@28f2a10f]" started-at="2022-01-24T11:22:59 EET" name="closeBrowser" description="End session and close browser" finished-at="2022-01-24T11:22:59 EET" duration-ms="74" status="PASS">
          <reporter-output>
          </reporter-output>
        </test-method> <!-- closeBrowser -->
      </class> <!-- tests.RegressionTest -->
    </test> <!-- Default test -->
  </suite> <!-- Default suite -->
</testng-results>
